Сборка начата 17.12.2023 20:51:15.
Уровень детализации журнала: Normal.     1>Проект "C:\ПОИТ\3 sem\SE_Course_project\KTI-2023\KTI2023\KTI2023\KTI2023.vcxproj" в узле 2 (целевые объекты Build).
     1>InitializeBuildStatus:
         Создание "Debug\KTI2023.tlog\unsuccessfulbuild", так как было задано "AlwaysCreate".
       ClCompile:
         C:\Program Files (x86)\Microsoft Visual Studio\2019\Community\VC\Tools\MSVC\14.29.30133\bin\HostX86\x86\CL.exe /c /ZI /JMC /nologo /W3 /WX- /diagnostics:column /sdl /Od /Oy- /D WIN32 /D _DEBUG /D _CONSOLE /D _UNICODE /D UNICODE /Gm- /EHsc /RTC1 /MDd /GS /fp:precise /permissive- /Zc:wchar_t /Zc:forScope /Zc:inline /Fo"Debug\\" /Fd"Debug\vc142.pdb" /external:W3 /Gd /TP /analyze- /FC /errorReport:prompt SemanticAnalysis.cpp
         SemanticAnalysis.cpp
       Link:
         C:\Program Files (x86)\Microsoft Visual Studio\2019\Community\VC\Tools\MSVC\14.29.30133\bin\HostX86\x86\link.exe /ERRORREPORT:PROMPT /OUT:"C:\ПОИТ\3 sem\SE_Course_project\KTI-2023\KTI2023\Debug\KTI2023.exe" /INCREMENTAL /ILK:"Debug\KTI2023.ilk" /NOLOGO kernel32.lib user32.lib gdi32.lib winspool.lib comdlg32.lib advapi32.lib shell32.lib ole32.lib oleaut32.lib uuid.lib odbc32.lib odbccp32.lib /MANIFEST /MANIFESTUAC:"level='asInvoker' uiAccess='false'" /manifest:embed /DEBUG /PDB:"C:\ПОИТ\3 sem\SE_Course_project\KTI-2023\KTI2023\Debug\KTI2023.pdb" /SUBSYSTEM:CONSOLE /TLBID:1 /DYNAMICBASE /NXCOMPAT /IMPLIB:"C:\ПОИТ\3 sem\SE_Course_project\KTI-2023\KTI2023\Debug\KTI2023.lib" /MACHINE:X86 Debug\CodeGeneration.obj
         Debug\Error.obj
         Debug\ffst.obj
         Debug\Greibach.obj
         Debug\In.obj
         Debug\IT.obj
         Debug\KTI2023.obj
         Debug\LexicalAnalysis.obj
         Debug\Log.obj
         Debug\LT.obj
         Debug\MFST.obj
         Debug\Parm.obj
         Debug\Polish.obj
         Debug\SemanticAnalysis.obj
         Debug\Split.obj
         KTI2023.vcxproj -> C:\ПОИТ\3 sem\SE_Course_project\KTI-2023\KTI2023\Debug\KTI2023.exe
       FinalizeBuildStatus:
         Файл "Debug\KTI2023.tlog\unsuccessfulbuild" удаляется.
         Обращение к "Debug\KTI2023.tlog\KTI2023.lastbuildstate".
     1>Сборка проекта "C:\ПОИТ\3 sem\SE_Course_project\KTI-2023\KTI2023\KTI2023\KTI2023.vcxproj" завершена (целевые объекты Build).

Сборка успешно завершена.
    Предупреждений: 0
    Ошибок: 0

Прошло времени 00:00:00.95
