c:\поит\3 sem\se_course_project\kti-2023\kti2023\kti2023\debug\vc142.pdb
c:\поит\3 sem\se_course_project\kti-2023\kti2023\kti2023\debug\vc142.idb
c:\поит\3 sem\se_course_project\kti-2023\kti2023\kti2023\debug\split.obj
c:\поит\3 sem\se_course_project\kti-2023\kti2023\kti2023\debug\semanticanalysis.obj
c:\поит\3 sem\se_course_project\kti-2023\kti2023\kti2023\debug\polish.obj
c:\поит\3 sem\se_course_project\kti-2023\kti2023\kti2023\debug\parm.obj
c:\поит\3 sem\se_course_project\kti-2023\kti2023\kti2023\debug\mfst.obj
c:\поит\3 sem\se_course_project\kti-2023\kti2023\kti2023\debug\lt.obj
c:\поит\3 sem\se_course_project\kti-2023\kti2023\kti2023\debug\log.obj
c:\поит\3 sem\se_course_project\kti-2023\kti2023\kti2023\debug\lexicalanalysis.obj
c:\поит\3 sem\se_course_project\kti-2023\kti2023\kti2023\debug\kti2023.obj
c:\поит\3 sem\se_course_project\kti-2023\kti2023\kti2023\debug\it.obj
c:\поит\3 sem\se_course_project\kti-2023\kti2023\kti2023\debug\in.obj
c:\поит\3 sem\se_course_project\kti-2023\kti2023\kti2023\debug\greibach.obj
c:\поит\3 sem\se_course_project\kti-2023\kti2023\kti2023\debug\fst.obj
c:\поит\3 sem\se_course_project\kti-2023\kti2023\kti2023\debug\ffst.obj
c:\поит\3 sem\se_course_project\kti-2023\kti2023\kti2023\debug\error.obj
c:\поит\3 sem\se_course_project\kti-2023\kti2023\kti2023\debug\codegeneration.obj
c:\поит\3 sem\se_course_project\kti-2023\kti2023\debug\kti2023.exe
c:\поит\3 sem\se_course_project\kti-2023\kti2023\kti2023\debug\kti2023.ilk
c:\поит\3 sem\se_course_project\kti-2023\kti2023\debug\kti2023.pdb
c:\поит\3 sem\se_course_project\kti-2023\kti2023\kti2023\debug\kti2023.tlog\cl.command.1.tlog
c:\поит\3 sem\se_course_project\kti-2023\kti2023\kti2023\debug\kti2023.tlog\cl.read.1.tlog
c:\поит\3 sem\se_course_project\kti-2023\kti2023\kti2023\debug\kti2023.tlog\cl.write.1.tlog
c:\поит\3 sem\se_course_project\kti-2023\kti2023\kti2023\debug\kti2023.tlog\link.command.1.tlog
c:\поит\3 sem\se_course_project\kti-2023\kti2023\kti2023\debug\kti2023.tlog\link.read.1.tlog
c:\поит\3 sem\se_course_project\kti-2023\kti2023\kti2023\debug\kti2023.tlog\link.write.1.tlog
