
------------ПРОТОКОЛ------------
 ----18.12.23 14:34:19----
 
 ---- Параметры ---- 

-in: C:\ПОИТ\3 sem\SE_Course_project\KTI-2023\KTI2023\KTI2023\KTI.txt
-out: C:\ПОИТ\3 sem\SE_Course_project\KTI-2023\KTI2023\KTI2023\KTI.txt.out
-log: C:\ПОИТ\3 sem\SE_Course_project\KTI-2023\KTI2023\KTI2023\KTI.txt.log

---- Исходные данные ----
int fn Func(int p, int c)|
[|
var int x;|
var int prev=p;|
var int cur=c;|
var int temp;|
until(x=5;) |
[|
temp=cur;|
cur=temp+prev;|
prev=temp;|
x=x+1;|
];|
reout cur;|
];|
|
major|
[|
|
var int rez;|
var int other;|
var string m='fffffffffffffffffffffffffffffffffffffffffffffffffffffffffffffffffffffffffffffffffffffffffffffffffffffffffffffffffffffffffffffffffffffffffffffffffffffffffffffffffffffffffffffffffffffffffffffffffffffffffffffffffffffffffffffffffffff';|
var string n; |
var string q;|
var string e;|
var string s;|
|
m=' chisla ';|
n=' fibonachi ';|
q=joinst(m,n);|
write q;|
|
rez=Func(1,1);|
write rez;|
|
n=' chislo ';|
m=' other ';|
|
q=m+n;|
write q;|
|
var int oct;|
oct=Ox11;|
|
other=oct+rez;|
write other;|
|
s=copystr(e,m);|
write s;|
|
var int bin;|
bin=Bx11;|
|
other=bin+rez;|
write other;|
|
reout 0;|
];

Всего символов: 829

Всего строк: 58

Ошибка 5: Lex: лексема не распознана
Строка 22 позиция 5
